<?xml version="1.0" encoding="UTF-8"?>
<testsuite xmlns:xsi="http://www.w3.org/2001/XMLSchema-instance" xsi:noNamespaceSchemaLocation="https://maven.apache.org/surefire/maven-surefire-plugin/xsd/surefire-test-report-3.0.xsd" version="3.0" name="FirstPartTest.FirstPartTest" time="0.08" tests="9" errors="0" skipped="0" failures="0">
  <properties>
[...]
</properties>
  <testcase name="NumberSwapTest" classname="FirstPartTest.FirstPartTest" time="0.031">
    <system-out><![CDATA[&amp#27;[32mNumberSwapTest : {Test passed}&amp#27;[0m
Result: [10, 5] || Expected: [10, 5]

]]></system-out>
  </testcase>
  <testcase name="BinaryTransformTest" classname="FirstPartTest.FirstPartTest" time="0.004">
    <system-out><![CDATA[&amp#27;[32mBinaryTransformTest : {Test passed}&amp#27;[0m
Result: 1001 || Expected: 1001

]]></system-out>
  </testcase>
  <testcase name="FactorialNumberTest" classname="FirstPartTest.FirstPartTest" time="0.001">
    <system-out><![CDATA[&amp#27;[32mFactorialNumberTest : {Test passed}&amp#27;[0m
Result: 120 || Expected: 120

]]></system-out>
  </testcase>
  <testcase name="ComplexNumberTest" classname="FirstPartTest.FirstPartTest" time="0.003">
    <system-out><![CDATA[&amp#27;[32mComplexNumberTest : {Test passed}&amp#27;[0m
Result: 5 + 7i || Expected: 5 + 7i

]]></system-out>
  </testcase>
  <testcase name="SimpleInterestTest" classname="FirstPartTest.FirstPartTest" time="0.002">
    <system-out><![CDATA[&amp#27;[32mSimpleInterestTest : {Test passed}&amp#27;[0m
Result: 2500 || Expected: 2500

]]></system-out>
  </testcase>
  <testcase name="PascalTriangleTest" classname="FirstPartTest.FirstPartTest" time="0.002">
    <system-out><![CDATA[&amp#27;[32mPascalTriangleTest : {Test passed}&amp#27;[0m
Result: [1, 1, 1, 1, 2, 1, 1, 3, 3, 1, 1, 4, 6, 4, 1, 1, 5, 10, 10, 5, 1] || Expected: [1, 1, 1, 1, 2, 1, 1, 3, 3, 1, 1, 4, 6, 4, 1, 1, 5, 10, 10, 5, 1]

]]></system-out>
  </testcase>
  <testcase name="Fibonacci" classname="FirstPartTest.FirstPartTest" time="0.002">
    <system-out><![CDATA[&amp#27;[32mFibonacci : {Test passed}&amp#27;[0m
Result: 33 || Expected: 33

]]></system-out>
  </testcase>
  <testcase name="PyramidPattern" classname="FirstPartTest.FirstPartTest" time="0.003">
    <system-out><![CDATA[&amp#27;[32mPyramidPattern : {Test passed}&amp#27;[0m
Result: [   *   ,   ***  ,  ***** , *******] || Expected: [   *   ,   ***  ,  ***** , *******]

]]></system-out>
  </testcase>
  <testcase name="PrintPattern" classname="FirstPartTest.FirstPartTest" time="0.002">
    <system-out><![CDATA[&amp#27;[32mPrintPattern : {Test passed}&amp#27;[0m
Result: [******, *    *, *    *, *    *, *    *, ******] || Expected: [******, *    *, *    *, *    *, *    *, ******]

]]></system-out>
  </testcase>
</testsuite>